Терминалы не используются в грамматике

    "declaration"
    "formula definition"
    "term definition"
    "list"
    "function"


Грамматика

    0 $accept: all "end of file"

    1 all: declarations
    2    | declarations ';'

    3 declarations: declaration
    4             | declarations ';' declaration

    5 identifier: "identifier"
    6           | "predicate"

    7 identifiers: identifier
    8            | identifiers ',' identifier

    9 declaration: identifiers ':' type
   10            | identifiers ':' type "=" formula
   11            | identifiers ':' type "=" term
   12            | identifiers ':' "theorem" formula
   13            | "theorem" formula
   14            | formula
   15            | identifiers ':' "axiom" formula
   16            | "axiom" formula
   17            | identifiers ':' "formula" formula
   18            | "formula" formula
   19            | identifiers ':' "regression" formula
   20            | "regression" formula

   21 type: "identifier"
   22     | "boolean"
   23     | "bv" '[' "integer number" ']'
   24     | "int"
   25     | "real"
   26     | "signed" '[' "integer number" ']'
   27     | "unsigned" '[' "integer number" ']'

   28 formula: "forall" identifiers ':' formula
   29        | "exists" identifiers ':' formula
   30        | formula "=>" formula
   31        | formula "<=>" formula
   32        | formula "|" formula
   33        | formula "&" formula
   34        | "!" formula
   35        | "true"
   36        | "false"
   37        | '(' formula ')'
   38        | term "<" term
   39        | term ">" term
   40        | term "<=" term
   41        | term ">=" term
   42        | term "=" term
   43        | term "!=" term
   44        | "predicate" '(' terms ')'
   45        | "predicate"

   46 terms: term
   47      | terms ',' term

   48 term: term "+" term
   49     | term "-" term
   50     | term "*" term
   51     | term "/" term
   52     | term "%" term
   53     | '(' term ')'
   54     | "-" term
   55     | "identifier" '(' terms ')'
   56     | "IF" formula "THEN" term "ELSE" term "ENDIF"
   57     | "integer number"
   58     | "rational number"
   59     | "identifier"


Терминальные символы с правилами, в которых они появляются

    "end of file" (0) 0
    '(' (40) 37 44 53 55
    ')' (41) 37 44 53 55
    ',' (44) 8 47
    ':' (58) 9 10 11 12 15 17 19 28 29
    ';' (59) 2 4
    '[' (91) 23 26 27
    ']' (93) 23 26 27
    error (256)
    "identifier" (258) 5 21 55 59
    "integer number" (259) 23 26 27 57
    "rational number" (260) 58
    "boolean" (261) 22
    "unsigned" (262) 27
    "signed" (263) 26
    "real" (264) 25
    "int" (265) 24
    "bv" (266) 23
    "axiom" (267) 15 16
    "formula" (268) 17 18
    "regression" (269) 19 20
    "theorem" (270) 12 13
    "declaration" (271)
    "formula definition" (272)
    "term definition" (273)
    "&" (274) 33
    "|" (275) 32
    "!" (276) 34
    "<=>" (277) 31
    "=>" (278) 30
    "true" (279) 35
    "false" (280) 36
    "+" (281) 48
    "-" (282) 49 54
    "*" (283) 50
    "/" (284) 51
    "%" (285) 52
    "U-" (286)
    "<" (287) 38
    ">" (288) 39
    "<=" (289) 40
    ">=" (290) 41
    "=" (291) 10 11 42
    "!=" (292) 43
    "IF" (293) 56
    "THEN" (294) 56
    "ELSE" (295) 56
    "ENDIF" (296) 56
    "forall" (297) 28
    "exists" (298) 29
    "list" (299)
    "predicate" (300) 6 44 45
    "function" (301)


Нетерминальные символы с правилами, в которых они появляются

    $accept (54)
        on left: 0
    all (55)
        on left: 1 2
        on right: 0
    declarations (56)
        on left: 3 4
        on right: 1 2 4
    identifier (57)
        on left: 5 6
        on right: 7 8
    identifiers (58)
        on left: 7 8
        on right: 8 9 10 11 12 15 17 19 28 29
    declaration (59)
        on left: 9 10 11 12 13 14 15 16 17 18 19 20
        on right: 3 4
    type (60)
        on left: 21 22 23 24 25 26 27
        on right: 9 10 11
    formula (61)
        on left: 28 29 30 31 32 33 34 35 36 37 38 39 40 41 42 43 44 45
        on right: 10 12 13 14 15 16 17 18 19 20 28 29 30 31 32 33 34 37 56
    terms (62)
        on left: 46 47
        on right: 44 47 55
    term (63)
        on left: 48 49 50 51 52 53 54 55 56 57 58 59
        on right: 11 38 39 40 41 42 43 46 47 48 49 50 51 52 53 54 56


Состояние 0

    0 $accept: • all "end of file"

    "identifier"       сдвиг, и переход в состояние 1
    "integer number"   сдвиг, и переход в состояние 2
    "rational number"  сдвиг, и переход в состояние 3
    "axiom"            сдвиг, и переход в состояние 4
    "formula"          сдвиг, и переход в состояние 5
    "regression"       сдвиг, и переход в состояние 6
    "theorem"          сдвиг, и переход в состояние 7
    "!"                сдвиг, и переход в состояние 8
    "true"             сдвиг, и переход в состояние 9
    "false"            сдвиг, и переход в состояние 10
    "-"                сдвиг, и переход в состояние 11
    "IF"               сдвиг, и переход в состояние 12
    "forall"           сдвиг, и переход в состояние 13
    "exists"           сдвиг, и переход в состояние 14
    "predicate"        сдвиг, и переход в состояние 15
    '('                сдвиг, и переход в состояние 16

    all           переход в состояние 17
    declarations  переход в состояние 18
    identifier    переход в состояние 19
    identifiers   переход в состояние 20
    declaration   переход в состояние 21
    formula       переход в состояние 22
    term          переход в состояние 23


Состояние 1

    5 identifier: "identifier" •
   55 term: "identifier" • '(' terms ')'
   59     | "identifier" •

    '('  сдвиг, и переход в состояние 24

    ','       вывод с использованием правила 5 (identifier)
    ':'       вывод с использованием правила 5 (identifier)
    $default  вывод с использованием правила 59 (term)


Состояние 2

   57 term: "integer number" •

    $default  вывод с использованием правила 57 (term)


Состояние 3

   58 term: "rational number" •

    $default  вывод с использованием правила 58 (term)


Состояние 4

   16 declaration: "axiom" • formula

    "identifier"       сдвиг, и переход в состояние 25
    "integer number"   сдвиг, и переход в состояние 2
    "rational number"  сдвиг, и переход в состояние 3
    "!"                сдвиг, и переход в состояние 8
    "true"             сдвиг, и переход в состояние 9
    "false"            сдвиг, и переход в состояние 10
    "-"                сдвиг, и переход в состояние 11
    "IF"               сдвиг, и переход в состояние 12
    "forall"           сдвиг, и переход в состояние 13
    "exists"           сдвиг, и переход в состояние 14
    "predicate"        сдвиг, и переход в состояние 26
    '('                сдвиг, и переход в состояние 16

    formula  переход в состояние 27
    term     переход в состояние 23


Состояние 5

   18 declaration: "formula" • formula

    "identifier"       сдвиг, и переход в состояние 25
    "integer number"   сдвиг, и переход в состояние 2
    "rational number"  сдвиг, и переход в состояние 3
    "!"                сдвиг, и переход в состояние 8
    "true"             сдвиг, и переход в состояние 9
    "false"            сдвиг, и переход в состояние 10
    "-"                сдвиг, и переход в состояние 11
    "IF"               сдвиг, и переход в состояние 12
    "forall"           сдвиг, и переход в состояние 13
    "exists"           сдвиг, и переход в состояние 14
    "predicate"        сдвиг, и переход в состояние 26
    '('                сдвиг, и переход в состояние 16

    formula  переход в состояние 28
    term     переход в состояние 23


Состояние 6

   20 declaration: "regression" • formula

    "identifier"       сдвиг, и переход в состояние 25
    "integer number"   сдвиг, и переход в состояние 2
    "rational number"  сдвиг, и переход в состояние 3
    "!"                сдвиг, и переход в состояние 8
    "true"             сдвиг, и переход в состояние 9
    "false"            сдвиг, и переход в состояние 10
    "-"                сдвиг, и переход в состояние 11
    "IF"               сдвиг, и переход в состояние 12
    "forall"           сдвиг, и переход в состояние 13
    "exists"           сдвиг, и переход в состояние 14
    "predicate"        сдвиг, и переход в состояние 26
    '('                сдвиг, и переход в состояние 16

    formula  переход в состояние 29
    term     переход в состояние 23


Состояние 7

   13 declaration: "theorem" • formula

    "identifier"       сдвиг, и переход в состояние 25
    "integer number"   сдвиг, и переход в состояние 2
    "rational number"  сдвиг, и переход в состояние 3
    "!"                сдвиг, и переход в состояние 8
    "true"             сдвиг, и переход в состояние 9
    "false"            сдвиг, и переход в состояние 10
    "-"                сдвиг, и переход в состояние 11
    "IF"               сдвиг, и переход в состояние 12
    "forall"           сдвиг, и переход в состояние 13
    "exists"           сдвиг, и переход в состояние 14
    "predicate"        сдвиг, и переход в состояние 26
    '('                сдвиг, и переход в состояние 16

    formula  переход в состояние 30
    term     переход в состояние 23


Состояние 8

   34 formula: "!" • formula

    "identifier"       сдвиг, и переход в состояние 25
    "integer number"   сдвиг, и переход в состояние 2
    "rational number"  сдвиг, и переход в состояние 3
    "!"                сдвиг, и переход в состояние 8
    "true"             сдвиг, и переход в состояние 9
    "false"            сдвиг, и переход в состояние 10
    "-"                сдвиг, и переход в состояние 11
    "IF"               сдвиг, и переход в состояние 12
    "forall"           сдвиг, и переход в состояние 13
    "exists"           сдвиг, и переход в состояние 14
    "predicate"        сдвиг, и переход в состояние 26
    '('                сдвиг, и переход в состояние 16

    formula  переход в состояние 31
    term     переход в состояние 23


Состояние 9

   35 formula: "true" •

    $default  вывод с использованием правила 35 (formula)


Состояние 10

   36 formula: "false" •

    $default  вывод с использованием правила 36 (formula)


Состояние 11

   54 term: "-" • term

    "identifier"       сдвиг, и переход в состояние 25
    "integer number"   сдвиг, и переход в состояние 2
    "rational number"  сдвиг, и переход в состояние 3
    "-"                сдвиг, и переход в состояние 11
    "IF"               сдвиг, и переход в состояние 12
    '('                сдвиг, и переход в состояние 32

    term  переход в состояние 33


Состояние 12

   56 term: "IF" • formula "THEN" term "ELSE" term "ENDIF"

    "identifier"       сдвиг, и переход в состояние 25
    "integer number"   сдвиг, и переход в состояние 2
    "rational number"  сдвиг, и переход в состояние 3
    "!"                сдвиг, и переход в состояние 8
    "true"             сдвиг, и переход в состояние 9
    "false"            сдвиг, и переход в состояние 10
    "-"                сдвиг, и переход в состояние 11
    "IF"               сдвиг, и переход в состояние 12
    "forall"           сдвиг, и переход в состояние 13
    "exists"           сдвиг, и переход в состояние 14
    "predicate"        сдвиг, и переход в состояние 26
    '('                сдвиг, и переход в состояние 16

    formula  переход в состояние 34
    term     переход в состояние 23


Состояние 13

   28 formula: "forall" • identifiers ':' formula

    "identifier"  сдвиг, и переход в состояние 35
    "predicate"   сдвиг, и переход в состояние 36

    identifier   переход в состояние 19
    identifiers  переход в состояние 37


Состояние 14

   29 formula: "exists" • identifiers ':' formula

    "identifier"  сдвиг, и переход в состояние 35
    "predicate"   сдвиг, и переход в состояние 36

    identifier   переход в состояние 19
    identifiers  переход в состояние 38


Состояние 15

    6 identifier: "predicate" •
   44 formula: "predicate" • '(' terms ')'
   45        | "predicate" •

    '('  сдвиг, и переход в состояние 39

    ','       вывод с использованием правила 6 (identifier)
    ':'       вывод с использованием правила 6 (identifier)
    $default  вывод с использованием правила 45 (formula)


Состояние 16

   37 formula: '(' • formula ')'
   53 term: '(' • term ')'

    "identifier"       сдвиг, и переход в состояние 25
    "integer number"   сдвиг, и переход в состояние 2
    "rational number"  сдвиг, и переход в состояние 3
    "!"                сдвиг, и переход в состояние 8
    "true"             сдвиг, и переход в состояние 9
    "false"            сдвиг, и переход в состояние 10
    "-"                сдвиг, и переход в состояние 11
    "IF"               сдвиг, и переход в состояние 12
    "forall"           сдвиг, и переход в состояние 13
    "exists"           сдвиг, и переход в состояние 14
    "predicate"        сдвиг, и переход в состояние 26
    '('                сдвиг, и переход в состояние 16

    formula  переход в состояние 40
    term     переход в состояние 41


Состояние 17

    0 $accept: all • "end of file"

    "end of file"  сдвиг, и переход в состояние 42


Состояние 18

    1 all: declarations •
    2    | declarations • ';'
    4 declarations: declarations • ';' declaration

    ';'  сдвиг, и переход в состояние 43

    $default  вывод с использованием правила 1 (all)


Состояние 19

    7 identifiers: identifier •

    $default  вывод с использованием правила 7 (identifiers)


Состояние 20

    8 identifiers: identifiers • ',' identifier
    9 declaration: identifiers • ':' type
   10            | identifiers • ':' type "=" formula
   11            | identifiers • ':' type "=" term
   12            | identifiers • ':' "theorem" formula
   15            | identifiers • ':' "axiom" formula
   17            | identifiers • ':' "formula" formula
   19            | identifiers • ':' "regression" formula

    ','  сдвиг, и переход в состояние 44
    ':'  сдвиг, и переход в состояние 45


Состояние 21

    3 declarations: declaration •

    $default  вывод с использованием правила 3 (declarations)


Состояние 22

   14 declaration: formula •
   30 formula: formula • "=>" formula
   31        | formula • "<=>" formula
   32        | formula • "|" formula
   33        | formula • "&" formula

    "&"    сдвиг, и переход в состояние 46
    "|"    сдвиг, и переход в состояние 47
    "<=>"  сдвиг, и переход в состояние 48
    "=>"   сдвиг, и переход в состояние 49

    $default  вывод с использованием правила 14 (declaration)


Состояние 23

   38 formula: term • "<" term
   39        | term • ">" term
   40        | term • "<=" term
   41        | term • ">=" term
   42        | term • "=" term
   43        | term • "!=" term
   48 term: term • "+" term
   49     | term • "-" term
   50     | term • "*" term
   51     | term • "/" term
   52     | term • "%" term

    "+"   сдвиг, и переход в состояние 50
    "-"   сдвиг, и переход в состояние 51
    "*"   сдвиг, и переход в состояние 52
    "/"   сдвиг, и переход в состояние 53
    "%"   сдвиг, и переход в состояние 54
    "<"   сдвиг, и переход в состояние 55
    ">"   сдвиг, и переход в состояние 56
    "<="  сдвиг, и переход в состояние 57
    ">="  сдвиг, и переход в состояние 58
    "="   сдвиг, и переход в состояние 59
    "!="  сдвиг, и переход в состояние 60


Состояние 24

   55 term: "identifier" '(' • terms ')'

    "identifier"       сдвиг, и переход в состояние 25
    "integer number"   сдвиг, и переход в состояние 2
    "rational number"  сдвиг, и переход в состояние 3
    "-"                сдвиг, и переход в состояние 11
    "IF"               сдвиг, и переход в состояние 12
    '('                сдвиг, и переход в состояние 32

    terms  переход в состояние 61
    term   переход в состояние 62


Состояние 25

   55 term: "identifier" • '(' terms ')'
   59     | "identifier" •

    '('  сдвиг, и переход в состояние 24

    $default  вывод с использованием правила 59 (term)


Состояние 26

   44 formula: "predicate" • '(' terms ')'
   45        | "predicate" •

    '('  сдвиг, и переход в состояние 39

    $default  вывод с использованием правила 45 (formula)


Состояние 27

   16 declaration: "axiom" formula •
   30 formula: formula • "=>" formula
   31        | formula • "<=>" formula
   32        | formula • "|" formula
   33        | formula • "&" formula

    "&"    сдвиг, и переход в состояние 46
    "|"    сдвиг, и переход в состояние 47
    "<=>"  сдвиг, и переход в состояние 48
    "=>"   сдвиг, и переход в состояние 49

    $default  вывод с использованием правила 16 (declaration)


Состояние 28

   18 declaration: "formula" formula •
   30 formula: formula • "=>" formula
   31        | formula • "<=>" formula
   32        | formula • "|" formula
   33        | formula • "&" formula

    "&"    сдвиг, и переход в состояние 46
    "|"    сдвиг, и переход в состояние 47
    "<=>"  сдвиг, и переход в состояние 48
    "=>"   сдвиг, и переход в состояние 49

    $default  вывод с использованием правила 18 (declaration)


Состояние 29

   20 declaration: "regression" formula •
   30 formula: formula • "=>" formula
   31        | formula • "<=>" formula
   32        | formula • "|" formula
   33        | formula • "&" formula

    "&"    сдвиг, и переход в состояние 46
    "|"    сдвиг, и переход в состояние 47
    "<=>"  сдвиг, и переход в состояние 48
    "=>"   сдвиг, и переход в состояние 49

    $default  вывод с использованием правила 20 (declaration)


Состояние 30

   13 declaration: "theorem" formula •
   30 formula: formula • "=>" formula
   31        | formula • "<=>" formula
   32        | formula • "|" formula
   33        | formula • "&" formula

    "&"    сдвиг, и переход в состояние 46
    "|"    сдвиг, и переход в состояние 47
    "<=>"  сдвиг, и переход в состояние 48
    "=>"   сдвиг, и переход в состояние 49

    $default  вывод с использованием правила 13 (declaration)


Состояние 31

   30 formula: formula • "=>" formula
   31        | formula • "<=>" formula
   32        | formula • "|" formula
   33        | formula • "&" formula
   34        | "!" formula •

    $default  вывод с использованием правила 34 (formula)


Состояние 32

   53 term: '(' • term ')'

    "identifier"       сдвиг, и переход в состояние 25
    "integer number"   сдвиг, и переход в состояние 2
    "rational number"  сдвиг, и переход в состояние 3
    "-"                сдвиг, и переход в состояние 11
    "IF"               сдвиг, и переход в состояние 12
    '('                сдвиг, и переход в состояние 32

    term  переход в состояние 63


Состояние 33

   48 term: term • "+" term
   49     | term • "-" term
   50     | term • "*" term
   51     | term • "/" term
   52     | term • "%" term
   54     | "-" term •

    $default  вывод с использованием правила 54 (term)


Состояние 34

   30 formula: formula • "=>" formula
   31        | formula • "<=>" formula
   32        | formula • "|" formula
   33        | formula • "&" formula
   56 term: "IF" formula • "THEN" term "ELSE" term "ENDIF"

    "&"     сдвиг, и переход в состояние 46
    "|"     сдвиг, и переход в состояние 47
    "<=>"   сдвиг, и переход в состояние 48
    "=>"    сдвиг, и переход в состояние 49
    "THEN"  сдвиг, и переход в состояние 64


Состояние 35

    5 identifier: "identifier" •

    $default  вывод с использованием правила 5 (identifier)


Состояние 36

    6 identifier: "predicate" •

    $default  вывод с использованием правила 6 (identifier)


Состояние 37

    8 identifiers: identifiers • ',' identifier
   28 formula: "forall" identifiers • ':' formula

    ','  сдвиг, и переход в состояние 44
    ':'  сдвиг, и переход в состояние 65


Состояние 38

    8 identifiers: identifiers • ',' identifier
   29 formula: "exists" identifiers • ':' formula

    ','  сдвиг, и переход в состояние 44
    ':'  сдвиг, и переход в состояние 66


Состояние 39

   44 formula: "predicate" '(' • terms ')'

    "identifier"       сдвиг, и переход в состояние 25
    "integer number"   сдвиг, и переход в состояние 2
    "rational number"  сдвиг, и переход в состояние 3
    "-"                сдвиг, и переход в состояние 11
    "IF"               сдвиг, и переход в состояние 12
    '('                сдвиг, и переход в состояние 32

    terms  переход в состояние 67
    term   переход в состояние 62


Состояние 40

   30 formula: formula • "=>" formula
   31        | formula • "<=>" formula
   32        | formula • "|" formula
   33        | formula • "&" formula
   37        | '(' formula • ')'

    "&"    сдвиг, и переход в состояние 46
    "|"    сдвиг, и переход в состояние 47
    "<=>"  сдвиг, и переход в состояние 48
    "=>"   сдвиг, и переход в состояние 49
    ')'    сдвиг, и переход в состояние 68


Состояние 41

   38 formula: term • "<" term
   39        | term • ">" term
   40        | term • "<=" term
   41        | term • ">=" term
   42        | term • "=" term
   43        | term • "!=" term
   48 term: term • "+" term
   49     | term • "-" term
   50     | term • "*" term
   51     | term • "/" term
   52     | term • "%" term
   53     | '(' term • ')'

    "+"   сдвиг, и переход в состояние 50
    "-"   сдвиг, и переход в состояние 51
    "*"   сдвиг, и переход в состояние 52
    "/"   сдвиг, и переход в состояние 53
    "%"   сдвиг, и переход в состояние 54
    "<"   сдвиг, и переход в состояние 55
    ">"   сдвиг, и переход в состояние 56
    "<="  сдвиг, и переход в состояние 57
    ">="  сдвиг, и переход в состояние 58
    "="   сдвиг, и переход в состояние 59
    "!="  сдвиг, и переход в состояние 60
    ')'   сдвиг, и переход в состояние 69


Состояние 42

    0 $accept: all "end of file" •

    $default  принять


Состояние 43

    2 all: declarations ';' •
    4 declarations: declarations ';' • declaration

    "identifier"       сдвиг, и переход в состояние 1
    "integer number"   сдвиг, и переход в состояние 2
    "rational number"  сдвиг, и переход в состояние 3
    "axiom"            сдвиг, и переход в состояние 4
    "formula"          сдвиг, и переход в состояние 5
    "regression"       сдвиг, и переход в состояние 6
    "theorem"          сдвиг, и переход в состояние 7
    "!"                сдвиг, и переход в состояние 8
    "true"             сдвиг, и переход в состояние 9
    "false"            сдвиг, и переход в состояние 10
    "-"                сдвиг, и переход в состояние 11
    "IF"               сдвиг, и переход в состояние 12
    "forall"           сдвиг, и переход в состояние 13
    "exists"           сдвиг, и переход в состояние 14
    "predicate"        сдвиг, и переход в состояние 15
    '('                сдвиг, и переход в состояние 16

    $default  вывод с использованием правила 2 (all)

    identifier   переход в состояние 19
    identifiers  переход в состояние 20
    declaration  переход в состояние 70
    formula      переход в состояние 22
    term         переход в состояние 23


Состояние 44

    8 identifiers: identifiers ',' • identifier

    "identifier"  сдвиг, и переход в состояние 35
    "predicate"   сдвиг, и переход в состояние 36

    identifier  переход в состояние 71


Состояние 45

    9 declaration: identifiers ':' • type
   10            | identifiers ':' • type "=" formula
   11            | identifiers ':' • type "=" term
   12            | identifiers ':' • "theorem" formula
   15            | identifiers ':' • "axiom" formula
   17            | identifiers ':' • "formula" formula
   19            | identifiers ':' • "regression" formula

    "identifier"  сдвиг, и переход в состояние 72
    "boolean"     сдвиг, и переход в состояние 73
    "unsigned"    сдвиг, и переход в состояние 74
    "signed"      сдвиг, и переход в состояние 75
    "real"        сдвиг, и переход в состояние 76
    "int"         сдвиг, и переход в состояние 77
    "bv"          сдвиг, и переход в состояние 78
    "axiom"       сдвиг, и переход в состояние 79
    "formula"     сдвиг, и переход в состояние 80
    "regression"  сдвиг, и переход в состояние 81
    "theorem"     сдвиг, и переход в состояние 82

    type  переход в состояние 83


Состояние 46

   33 formula: formula "&" • formula

    "identifier"       сдвиг, и переход в состояние 25
    "integer number"   сдвиг, и переход в состояние 2
    "rational number"  сдвиг, и переход в состояние 3
    "!"                сдвиг, и переход в состояние 8
    "true"             сдвиг, и переход в состояние 9
    "false"            сдвиг, и переход в состояние 10
    "-"                сдвиг, и переход в состояние 11
    "IF"               сдвиг, и переход в состояние 12
    "forall"           сдвиг, и переход в состояние 13
    "exists"           сдвиг, и переход в состояние 14
    "predicate"        сдвиг, и переход в состояние 26
    '('                сдвиг, и переход в состояние 16

    formula  переход в состояние 84
    term     переход в состояние 23


Состояние 47

   32 formula: formula "|" • formula

    "identifier"       сдвиг, и переход в состояние 25
    "integer number"   сдвиг, и переход в состояние 2
    "rational number"  сдвиг, и переход в состояние 3
    "!"                сдвиг, и переход в состояние 8
    "true"             сдвиг, и переход в состояние 9
    "false"            сдвиг, и переход в состояние 10
    "-"                сдвиг, и переход в состояние 11
    "IF"               сдвиг, и переход в состояние 12
    "forall"           сдвиг, и переход в состояние 13
    "exists"           сдвиг, и переход в состояние 14
    "predicate"        сдвиг, и переход в состояние 26
    '('                сдвиг, и переход в состояние 16

    formula  переход в состояние 85
    term     переход в состояние 23


Состояние 48

   31 formula: formula "<=>" • formula

    "identifier"       сдвиг, и переход в состояние 25
    "integer number"   сдвиг, и переход в состояние 2
    "rational number"  сдвиг, и переход в состояние 3
    "!"                сдвиг, и переход в состояние 8
    "true"             сдвиг, и переход в состояние 9
    "false"            сдвиг, и переход в состояние 10
    "-"                сдвиг, и переход в состояние 11
    "IF"               сдвиг, и переход в состояние 12
    "forall"           сдвиг, и переход в состояние 13
    "exists"           сдвиг, и переход в состояние 14
    "predicate"        сдвиг, и переход в состояние 26
    '('                сдвиг, и переход в состояние 16

    formula  переход в состояние 86
    term     переход в состояние 23


Состояние 49

   30 formula: formula "=>" • formula

    "identifier"       сдвиг, и переход в состояние 25
    "integer number"   сдвиг, и переход в состояние 2
    "rational number"  сдвиг, и переход в состояние 3
    "!"                сдвиг, и переход в состояние 8
    "true"             сдвиг, и переход в состояние 9
    "false"            сдвиг, и переход в состояние 10
    "-"                сдвиг, и переход в состояние 11
    "IF"               сдвиг, и переход в состояние 12
    "forall"           сдвиг, и переход в состояние 13
    "exists"           сдвиг, и переход в состояние 14
    "predicate"        сдвиг, и переход в состояние 26
    '('                сдвиг, и переход в состояние 16

    formula  переход в состояние 87
    term     переход в состояние 23


Состояние 50

   48 term: term "+" • term

    "identifier"       сдвиг, и переход в состояние 25
    "integer number"   сдвиг, и переход в состояние 2
    "rational number"  сдвиг, и переход в состояние 3
    "-"                сдвиг, и переход в состояние 11
    "IF"               сдвиг, и переход в состояние 12
    '('                сдвиг, и переход в состояние 32

    term  переход в состояние 88


Состояние 51

   49 term: term "-" • term

    "identifier"       сдвиг, и переход в состояние 25
    "integer number"   сдвиг, и переход в состояние 2
    "rational number"  сдвиг, и переход в состояние 3
    "-"                сдвиг, и переход в состояние 11
    "IF"               сдвиг, и переход в состояние 12
    '('                сдвиг, и переход в состояние 32

    term  переход в состояние 89


Состояние 52

   50 term: term "*" • term

    "identifier"       сдвиг, и переход в состояние 25
    "integer number"   сдвиг, и переход в состояние 2
    "rational number"  сдвиг, и переход в состояние 3
    "-"                сдвиг, и переход в состояние 11
    "IF"               сдвиг, и переход в состояние 12
    '('                сдвиг, и переход в состояние 32

    term  переход в состояние 90


Состояние 53

   51 term: term "/" • term

    "identifier"       сдвиг, и переход в состояние 25
    "integer number"   сдвиг, и переход в состояние 2
    "rational number"  сдвиг, и переход в состояние 3
    "-"                сдвиг, и переход в состояние 11
    "IF"               сдвиг, и переход в состояние 12
    '('                сдвиг, и переход в состояние 32

    term  переход в состояние 91


Состояние 54

   52 term: term "%" • term

    "identifier"       сдвиг, и переход в состояние 25
    "integer number"   сдвиг, и переход в состояние 2
    "rational number"  сдвиг, и переход в состояние 3
    "-"                сдвиг, и переход в состояние 11
    "IF"               сдвиг, и переход в состояние 12
    '('                сдвиг, и переход в состояние 32

    term  переход в состояние 92


Состояние 55

   38 formula: term "<" • term

    "identifier"       сдвиг, и переход в состояние 25
    "integer number"   сдвиг, и переход в состояние 2
    "rational number"  сдвиг, и переход в состояние 3
    "-"                сдвиг, и переход в состояние 11
    "IF"               сдвиг, и переход в состояние 12
    '('                сдвиг, и переход в состояние 32

    term  переход в состояние 93


Состояние 56

   39 formula: term ">" • term

    "identifier"       сдвиг, и переход в состояние 25
    "integer number"   сдвиг, и переход в состояние 2
    "rational number"  сдвиг, и переход в состояние 3
    "-"                сдвиг, и переход в состояние 11
    "IF"               сдвиг, и переход в состояние 12
    '('                сдвиг, и переход в состояние 32

    term  переход в состояние 94


Состояние 57

   40 formula: term "<=" • term

    "identifier"       сдвиг, и переход в состояние 25
    "integer number"   сдвиг, и переход в состояние 2
    "rational number"  сдвиг, и переход в состояние 3
    "-"                сдвиг, и переход в состояние 11
    "IF"               сдвиг, и переход в состояние 12
    '('                сдвиг, и переход в состояние 32

    term  переход в состояние 95


Состояние 58

   41 formula: term ">=" • term

    "identifier"       сдвиг, и переход в состояние 25
    "integer number"   сдвиг, и переход в состояние 2
    "rational number"  сдвиг, и переход в состояние 3
    "-"                сдвиг, и переход в состояние 11
    "IF"               сдвиг, и переход в состояние 12
    '('                сдвиг, и переход в состояние 32

    term  переход в состояние 96


Состояние 59

   42 formula: term "=" • term

    "identifier"       сдвиг, и переход в состояние 25
    "integer number"   сдвиг, и переход в состояние 2
    "rational number"  сдвиг, и переход в состояние 3
    "-"                сдвиг, и переход в состояние 11
    "IF"               сдвиг, и переход в состояние 12
    '('                сдвиг, и переход в состояние 32

    term  переход в состояние 97


Состояние 60

   43 formula: term "!=" • term

    "identifier"       сдвиг, и переход в состояние 25
    "integer number"   сдвиг, и переход в состояние 2
    "rational number"  сдвиг, и переход в состояние 3
    "-"                сдвиг, и переход в состояние 11
    "IF"               сдвиг, и переход в состояние 12
    '('                сдвиг, и переход в состояние 32

    term  переход в состояние 98


Состояние 61

   47 terms: terms • ',' term
   55 term: "identifier" '(' terms • ')'

    ','  сдвиг, и переход в состояние 99
    ')'  сдвиг, и переход в состояние 100


Состояние 62

   46 terms: term •
   48 term: term • "+" term
   49     | term • "-" term
   50     | term • "*" term
   51     | term • "/" term
   52     | term • "%" term

    "+"  сдвиг, и переход в состояние 50
    "-"  сдвиг, и переход в состояние 51
    "*"  сдвиг, и переход в состояние 52
    "/"  сдвиг, и переход в состояние 53
    "%"  сдвиг, и переход в состояние 54

    $default  вывод с использованием правила 46 (terms)


Состояние 63

   48 term: term • "+" term
   49     | term • "-" term
   50     | term • "*" term
   51     | term • "/" term
   52     | term • "%" term
   53     | '(' term • ')'

    "+"  сдвиг, и переход в состояние 50
    "-"  сдвиг, и переход в состояние 51
    "*"  сдвиг, и переход в состояние 52
    "/"  сдвиг, и переход в состояние 53
    "%"  сдвиг, и переход в состояние 54
    ')'  сдвиг, и переход в состояние 69


Состояние 64

   56 term: "IF" formula "THEN" • term "ELSE" term "ENDIF"

    "identifier"       сдвиг, и переход в состояние 25
    "integer number"   сдвиг, и переход в состояние 2
    "rational number"  сдвиг, и переход в состояние 3
    "-"                сдвиг, и переход в состояние 11
    "IF"               сдвиг, и переход в состояние 12
    '('                сдвиг, и переход в состояние 32

    term  переход в состояние 101


Состояние 65

   28 formula: "forall" identifiers ':' • formula

    "identifier"       сдвиг, и переход в состояние 25
    "integer number"   сдвиг, и переход в состояние 2
    "rational number"  сдвиг, и переход в состояние 3
    "!"                сдвиг, и переход в состояние 8
    "true"             сдвиг, и переход в состояние 9
    "false"            сдвиг, и переход в состояние 10
    "-"                сдвиг, и переход в состояние 11
    "IF"               сдвиг, и переход в состояние 12
    "forall"           сдвиг, и переход в состояние 13
    "exists"           сдвиг, и переход в состояние 14
    "predicate"        сдвиг, и переход в состояние 26
    '('                сдвиг, и переход в состояние 16

    formula  переход в состояние 102
    term     переход в состояние 23


Состояние 66

   29 formula: "exists" identifiers ':' • formula

    "identifier"       сдвиг, и переход в состояние 25
    "integer number"   сдвиг, и переход в состояние 2
    "rational number"  сдвиг, и переход в состояние 3
    "!"                сдвиг, и переход в состояние 8
    "true"             сдвиг, и переход в состояние 9
    "false"            сдвиг, и переход в состояние 10
    "-"                сдвиг, и переход в состояние 11
    "IF"               сдвиг, и переход в состояние 12
    "forall"           сдвиг, и переход в состояние 13
    "exists"           сдвиг, и переход в состояние 14
    "predicate"        сдвиг, и переход в состояние 26
    '('                сдвиг, и переход в состояние 16

    formula  переход в состояние 103
    term     переход в состояние 23


Состояние 67

   44 formula: "predicate" '(' terms • ')'
   47 terms: terms • ',' term

    ','  сдвиг, и переход в состояние 99
    ')'  сдвиг, и переход в состояние 104


Состояние 68

   37 formula: '(' formula ')' •

    $default  вывод с использованием правила 37 (formula)


Состояние 69

   53 term: '(' term ')' •

    $default  вывод с использованием правила 53 (term)


Состояние 70

    4 declarations: declarations ';' declaration •

    $default  вывод с использованием правила 4 (declarations)


Состояние 71

    8 identifiers: identifiers ',' identifier •

    $default  вывод с использованием правила 8 (identifiers)


Состояние 72

   21 type: "identifier" •

    $default  вывод с использованием правила 21 (type)


Состояние 73

   22 type: "boolean" •

    $default  вывод с использованием правила 22 (type)


Состояние 74

   27 type: "unsigned" • '[' "integer number" ']'

    '['  сдвиг, и переход в состояние 105


Состояние 75

   26 type: "signed" • '[' "integer number" ']'

    '['  сдвиг, и переход в состояние 106


Состояние 76

   25 type: "real" •

    $default  вывод с использованием правила 25 (type)


Состояние 77

   24 type: "int" •

    $default  вывод с использованием правила 24 (type)


Состояние 78

   23 type: "bv" • '[' "integer number" ']'

    '['  сдвиг, и переход в состояние 107


Состояние 79

   15 declaration: identifiers ':' "axiom" • formula

    "identifier"       сдвиг, и переход в состояние 25
    "integer number"   сдвиг, и переход в состояние 2
    "rational number"  сдвиг, и переход в состояние 3
    "!"                сдвиг, и переход в состояние 8
    "true"             сдвиг, и переход в состояние 9
    "false"            сдвиг, и переход в состояние 10
    "-"                сдвиг, и переход в состояние 11
    "IF"               сдвиг, и переход в состояние 12
    "forall"           сдвиг, и переход в состояние 13
    "exists"           сдвиг, и переход в состояние 14
    "predicate"        сдвиг, и переход в состояние 26
    '('                сдвиг, и переход в состояние 16

    formula  переход в состояние 108
    term     переход в состояние 23


Состояние 80

   17 declaration: identifiers ':' "formula" • formula

    "identifier"       сдвиг, и переход в состояние 25
    "integer number"   сдвиг, и переход в состояние 2
    "rational number"  сдвиг, и переход в состояние 3
    "!"                сдвиг, и переход в состояние 8
    "true"             сдвиг, и переход в состояние 9
    "false"            сдвиг, и переход в состояние 10
    "-"                сдвиг, и переход в состояние 11
    "IF"               сдвиг, и переход в состояние 12
    "forall"           сдвиг, и переход в состояние 13
    "exists"           сдвиг, и переход в состояние 14
    "predicate"        сдвиг, и переход в состояние 26
    '('                сдвиг, и переход в состояние 16

    formula  переход в состояние 109
    term     переход в состояние 23


Состояние 81

   19 declaration: identifiers ':' "regression" • formula

    "identifier"       сдвиг, и переход в состояние 25
    "integer number"   сдвиг, и переход в состояние 2
    "rational number"  сдвиг, и переход в состояние 3
    "!"                сдвиг, и переход в состояние 8
    "true"             сдвиг, и переход в состояние 9
    "false"            сдвиг, и переход в состояние 10
    "-"                сдвиг, и переход в состояние 11
    "IF"               сдвиг, и переход в состояние 12
    "forall"           сдвиг, и переход в состояние 13
    "exists"           сдвиг, и переход в состояние 14
    "predicate"        сдвиг, и переход в состояние 26
    '('                сдвиг, и переход в состояние 16

    formula  переход в состояние 110
    term     переход в состояние 23


Состояние 82

   12 declaration: identifiers ':' "theorem" • formula

    "identifier"       сдвиг, и переход в состояние 25
    "integer number"   сдвиг, и переход в состояние 2
    "rational number"  сдвиг, и переход в состояние 3
    "!"                сдвиг, и переход в состояние 8
    "true"             сдвиг, и переход в состояние 9
    "false"            сдвиг, и переход в состояние 10
    "-"                сдвиг, и переход в состояние 11
    "IF"               сдвиг, и переход в состояние 12
    "forall"           сдвиг, и переход в состояние 13
    "exists"           сдвиг, и переход в состояние 14
    "predicate"        сдвиг, и переход в состояние 26
    '('                сдвиг, и переход в состояние 16

    formula  переход в состояние 111
    term     переход в состояние 23


Состояние 83

    9 declaration: identifiers ':' type •
   10            | identifiers ':' type • "=" formula
   11            | identifiers ':' type • "=" term

    "="  сдвиг, и переход в состояние 112

    $default  вывод с использованием правила 9 (declaration)


Состояние 84

   30 formula: formula • "=>" formula
   31        | formula • "<=>" formula
   32        | formula • "|" formula
   33        | formula • "&" formula
   33        | formula "&" formula •

    $default  вывод с использованием правила 33 (formula)


Состояние 85

   30 formula: formula • "=>" formula
   31        | formula • "<=>" formula
   32        | formula • "|" formula
   32        | formula "|" formula •
   33        | formula • "&" formula

    "&"  сдвиг, и переход в состояние 46

    $default  вывод с использованием правила 32 (formula)


Состояние 86

   30 formula: formula • "=>" formula
   31        | formula • "<=>" formula
   31        | formula "<=>" formula •
   32        | formula • "|" formula
   33        | formula • "&" formula

    "&"  сдвиг, и переход в состояние 46
    "|"  сдвиг, и переход в состояние 47

    $default  вывод с использованием правила 31 (formula)


Состояние 87

   30 formula: formula • "=>" formula
   30        | formula "=>" formula •
   31        | formula • "<=>" formula
   32        | formula • "|" formula
   33        | formula • "&" formula

    "&"  сдвиг, и переход в состояние 46
    "|"  сдвиг, и переход в состояние 47

    $default  вывод с использованием правила 30 (formula)


Состояние 88

   48 term: term • "+" term
   48     | term "+" term •
   49     | term • "-" term
   50     | term • "*" term
   51     | term • "/" term
   52     | term • "%" term

    "*"  сдвиг, и переход в состояние 52
    "/"  сдвиг, и переход в состояние 53
    "%"  сдвиг, и переход в состояние 54

    $default  вывод с использованием правила 48 (term)


Состояние 89

   48 term: term • "+" term
   49     | term • "-" term
   49     | term "-" term •
   50     | term • "*" term
   51     | term • "/" term
   52     | term • "%" term

    "*"  сдвиг, и переход в состояние 52
    "/"  сдвиг, и переход в состояние 53
    "%"  сдвиг, и переход в состояние 54

    $default  вывод с использованием правила 49 (term)


Состояние 90

   48 term: term • "+" term
   49     | term • "-" term
   50     | term • "*" term
   50     | term "*" term •
   51     | term • "/" term
   52     | term • "%" term

    $default  вывод с использованием правила 50 (term)


Состояние 91

   48 term: term • "+" term
   49     | term • "-" term
   50     | term • "*" term
   51     | term • "/" term
   51     | term "/" term •
   52     | term • "%" term

    $default  вывод с использованием правила 51 (term)


Состояние 92

   48 term: term • "+" term
   49     | term • "-" term
   50     | term • "*" term
   51     | term • "/" term
   52     | term • "%" term
   52     | term "%" term •

    $default  вывод с использованием правила 52 (term)


Состояние 93

   38 formula: term "<" term •
   48 term: term • "+" term
   49     | term • "-" term
   50     | term • "*" term
   51     | term • "/" term
   52     | term • "%" term

    "+"  сдвиг, и переход в состояние 50
    "-"  сдвиг, и переход в состояние 51
    "*"  сдвиг, и переход в состояние 52
    "/"  сдвиг, и переход в состояние 53
    "%"  сдвиг, и переход в состояние 54

    $default  вывод с использованием правила 38 (formula)


Состояние 94

   39 formula: term ">" term •
   48 term: term • "+" term
   49     | term • "-" term
   50     | term • "*" term
   51     | term • "/" term
   52     | term • "%" term

    "+"  сдвиг, и переход в состояние 50
    "-"  сдвиг, и переход в состояние 51
    "*"  сдвиг, и переход в состояние 52
    "/"  сдвиг, и переход в состояние 53
    "%"  сдвиг, и переход в состояние 54

    $default  вывод с использованием правила 39 (formula)


Состояние 95

   40 formula: term "<=" term •
   48 term: term • "+" term
   49     | term • "-" term
   50     | term • "*" term
   51     | term • "/" term
   52     | term • "%" term

    "+"  сдвиг, и переход в состояние 50
    "-"  сдвиг, и переход в состояние 51
    "*"  сдвиг, и переход в состояние 52
    "/"  сдвиг, и переход в состояние 53
    "%"  сдвиг, и переход в состояние 54

    $default  вывод с использованием правила 40 (formula)


Состояние 96

   41 formula: term ">=" term •
   48 term: term • "+" term
   49     | term • "-" term
   50     | term • "*" term
   51     | term • "/" term
   52     | term • "%" term

    "+"  сдвиг, и переход в состояние 50
    "-"  сдвиг, и переход в состояние 51
    "*"  сдвиг, и переход в состояние 52
    "/"  сдвиг, и переход в состояние 53
    "%"  сдвиг, и переход в состояние 54

    $default  вывод с использованием правила 41 (formula)


Состояние 97

   42 formula: term "=" term •
   48 term: term • "+" term
   49     | term • "-" term
   50     | term • "*" term
   51     | term • "/" term
   52     | term • "%" term

    "+"  сдвиг, и переход в состояние 50
    "-"  сдвиг, и переход в состояние 51
    "*"  сдвиг, и переход в состояние 52
    "/"  сдвиг, и переход в состояние 53
    "%"  сдвиг, и переход в состояние 54

    $default  вывод с использованием правила 42 (formula)


Состояние 98

   43 formula: term "!=" term •
   48 term: term • "+" term
   49     | term • "-" term
   50     | term • "*" term
   51     | term • "/" term
   52     | term • "%" term

    "+"  сдвиг, и переход в состояние 50
    "-"  сдвиг, и переход в состояние 51
    "*"  сдвиг, и переход в состояние 52
    "/"  сдвиг, и переход в состояние 53
    "%"  сдвиг, и переход в состояние 54

    $default  вывод с использованием правила 43 (formula)


Состояние 99

   47 terms: terms ',' • term

    "identifier"       сдвиг, и переход в состояние 25
    "integer number"   сдвиг, и переход в состояние 2
    "rational number"  сдвиг, и переход в состояние 3
    "-"                сдвиг, и переход в состояние 11
    "IF"               сдвиг, и переход в состояние 12
    '('                сдвиг, и переход в состояние 32

    term  переход в состояние 113


Состояние 100

   55 term: "identifier" '(' terms ')' •

    $default  вывод с использованием правила 55 (term)


Состояние 101

   48 term: term • "+" term
   49     | term • "-" term
   50     | term • "*" term
   51     | term • "/" term
   52     | term • "%" term
   56     | "IF" formula "THEN" term • "ELSE" term "ENDIF"

    "+"     сдвиг, и переход в состояние 50
    "-"     сдвиг, и переход в состояние 51
    "*"     сдвиг, и переход в состояние 52
    "/"     сдвиг, и переход в состояние 53
    "%"     сдвиг, и переход в состояние 54
    "ELSE"  сдвиг, и переход в состояние 114


Состояние 102

   28 formula: "forall" identifiers ':' formula •
   30        | formula • "=>" formula
   31        | formula • "<=>" formula
   32        | formula • "|" formula
   33        | formula • "&" formula

    "&"    сдвиг, и переход в состояние 46
    "|"    сдвиг, и переход в состояние 47
    "<=>"  сдвиг, и переход в состояние 48
    "=>"   сдвиг, и переход в состояние 49

    $default  вывод с использованием правила 28 (formula)


Состояние 103

   29 formula: "exists" identifiers ':' formula •
   30        | formula • "=>" formula
   31        | formula • "<=>" formula
   32        | formula • "|" formula
   33        | formula • "&" formula

    "&"    сдвиг, и переход в состояние 46
    "|"    сдвиг, и переход в состояние 47
    "<=>"  сдвиг, и переход в состояние 48
    "=>"   сдвиг, и переход в состояние 49

    $default  вывод с использованием правила 29 (formula)


Состояние 104

   44 formula: "predicate" '(' terms ')' •

    $default  вывод с использованием правила 44 (formula)


Состояние 105

   27 type: "unsigned" '[' • "integer number" ']'

    "integer number"  сдвиг, и переход в состояние 115


Состояние 106

   26 type: "signed" '[' • "integer number" ']'

    "integer number"  сдвиг, и переход в состояние 116


Состояние 107

   23 type: "bv" '[' • "integer number" ']'

    "integer number"  сдвиг, и переход в состояние 117


Состояние 108

   15 declaration: identifiers ':' "axiom" formula •
   30 formula: formula • "=>" formula
   31        | formula • "<=>" formula
   32        | formula • "|" formula
   33        | formula • "&" formula

    "&"    сдвиг, и переход в состояние 46
    "|"    сдвиг, и переход в состояние 47
    "<=>"  сдвиг, и переход в состояние 48
    "=>"   сдвиг, и переход в состояние 49

    $default  вывод с использованием правила 15 (declaration)


Состояние 109

   17 declaration: identifiers ':' "formula" formula •
   30 formula: formula • "=>" formula
   31        | formula • "<=>" formula
   32        | formula • "|" formula
   33        | formula • "&" formula

    "&"    сдвиг, и переход в состояние 46
    "|"    сдвиг, и переход в состояние 47
    "<=>"  сдвиг, и переход в состояние 48
    "=>"   сдвиг, и переход в состояние 49

    $default  вывод с использованием правила 17 (declaration)


Состояние 110

   19 declaration: identifiers ':' "regression" formula •
   30 formula: formula • "=>" formula
   31        | formula • "<=>" formula
   32        | formula • "|" formula
   33        | formula • "&" formula

    "&"    сдвиг, и переход в состояние 46
    "|"    сдвиг, и переход в состояние 47
    "<=>"  сдвиг, и переход в состояние 48
    "=>"   сдвиг, и переход в состояние 49

    $default  вывод с использованием правила 19 (declaration)


Состояние 111

   12 declaration: identifiers ':' "theorem" formula •
   30 formula: formula • "=>" formula
   31        | formula • "<=>" formula
   32        | formula • "|" formula
   33        | formula • "&" formula

    "&"    сдвиг, и переход в состояние 46
    "|"    сдвиг, и переход в состояние 47
    "<=>"  сдвиг, и переход в состояние 48
    "=>"   сдвиг, и переход в состояние 49

    $default  вывод с использованием правила 12 (declaration)


Состояние 112

   10 declaration: identifiers ':' type "=" • formula
   11            | identifiers ':' type "=" • term

    "identifier"       сдвиг, и переход в состояние 25
    "integer number"   сдвиг, и переход в состояние 2
    "rational number"  сдвиг, и переход в состояние 3
    "!"                сдвиг, и переход в состояние 8
    "true"             сдвиг, и переход в состояние 9
    "false"            сдвиг, и переход в состояние 10
    "-"                сдвиг, и переход в состояние 11
    "IF"               сдвиг, и переход в состояние 12
    "forall"           сдвиг, и переход в состояние 13
    "exists"           сдвиг, и переход в состояние 14
    "predicate"        сдвиг, и переход в состояние 26
    '('                сдвиг, и переход в состояние 16

    formula  переход в состояние 118
    term     переход в состояние 119


Состояние 113

   47 terms: terms ',' term •
   48 term: term • "+" term
   49     | term • "-" term
   50     | term • "*" term
   51     | term • "/" term
   52     | term • "%" term

    "+"  сдвиг, и переход в состояние 50
    "-"  сдвиг, и переход в состояние 51
    "*"  сдвиг, и переход в состояние 52
    "/"  сдвиг, и переход в состояние 53
    "%"  сдвиг, и переход в состояние 54

    $default  вывод с использованием правила 47 (terms)


Состояние 114

   56 term: "IF" formula "THEN" term "ELSE" • term "ENDIF"

    "identifier"       сдвиг, и переход в состояние 25
    "integer number"   сдвиг, и переход в состояние 2
    "rational number"  сдвиг, и переход в состояние 3
    "-"                сдвиг, и переход в состояние 11
    "IF"               сдвиг, и переход в состояние 12
    '('                сдвиг, и переход в состояние 32

    term  переход в состояние 120


Состояние 115

   27 type: "unsigned" '[' "integer number" • ']'

    ']'  сдвиг, и переход в состояние 121


Состояние 116

   26 type: "signed" '[' "integer number" • ']'

    ']'  сдвиг, и переход в состояние 122


Состояние 117

   23 type: "bv" '[' "integer number" • ']'

    ']'  сдвиг, и переход в состояние 123


Состояние 118

   10 declaration: identifiers ':' type "=" formula •
   30 formula: formula • "=>" formula
   31        | formula • "<=>" formula
   32        | formula • "|" formula
   33        | formula • "&" formula

    "&"    сдвиг, и переход в состояние 46
    "|"    сдвиг, и переход в состояние 47
    "<=>"  сдвиг, и переход в состояние 48
    "=>"   сдвиг, и переход в состояние 49

    $default  вывод с использованием правила 10 (declaration)


Состояние 119

   11 declaration: identifiers ':' type "=" term •
   38 formula: term • "<" term
   39        | term • ">" term
   40        | term • "<=" term
   41        | term • ">=" term
   42        | term • "=" term
   43        | term • "!=" term
   48 term: term • "+" term
   49     | term • "-" term
   50     | term • "*" term
   51     | term • "/" term
   52     | term • "%" term

    "+"   сдвиг, и переход в состояние 50
    "-"   сдвиг, и переход в состояние 51
    "*"   сдвиг, и переход в состояние 52
    "/"   сдвиг, и переход в состояние 53
    "%"   сдвиг, и переход в состояние 54
    "<"   сдвиг, и переход в состояние 55
    ">"   сдвиг, и переход в состояние 56
    "<="  сдвиг, и переход в состояние 57
    ">="  сдвиг, и переход в состояние 58
    "="   сдвиг, и переход в состояние 59
    "!="  сдвиг, и переход в состояние 60

    $default  вывод с использованием правила 11 (declaration)


Состояние 120

   48 term: term • "+" term
   49     | term • "-" term
   50     | term • "*" term
   51     | term • "/" term
   52     | term • "%" term
   56     | "IF" formula "THEN" term "ELSE" term • "ENDIF"

    "+"      сдвиг, и переход в состояние 50
    "-"      сдвиг, и переход в состояние 51
    "*"      сдвиг, и переход в состояние 52
    "/"      сдвиг, и переход в состояние 53
    "%"      сдвиг, и переход в состояние 54
    "ENDIF"  сдвиг, и переход в состояние 124


Состояние 121

   27 type: "unsigned" '[' "integer number" ']' •

    $default  вывод с использованием правила 27 (type)


Состояние 122

   26 type: "signed" '[' "integer number" ']' •

    $default  вывод с использованием правила 26 (type)


Состояние 123

   23 type: "bv" '[' "integer number" ']' •

    $default  вывод с использованием правила 23 (type)


Состояние 124

   56 term: "IF" formula "THEN" term "ELSE" term "ENDIF" •

    $default  вывод с использованием правила 56 (term)
